<?xml version="1.0" encoding="UTF-8"?>
<!-- Generated by org.testng.reporters.JUnitReportReporter -->
<testsuite hostname="QSP" failures="0" tests="1" name="scripts.Test3" time="0.022" errors="0" timestamp="2022-05-04T18:44:24 IST" skipped="0">
  <testcase classname="scripts.Test3" name="tc3" time="0.022"/>
  <system-out>
Hello pythonselenium  </system-out>
</testsuite> <!-- scripts.Test3 -->
