<?xml version="1.0" encoding="UTF-8"?>
<!-- Generated by org.testng.reporters.JUnitReportReporter -->
<testsuite hostname="QSP" failures="0" tests="1" name="scripts.Test1" time="0.003" errors="0" timestamp="2022-05-04T18:44:24 IST" skipped="0">
  <testcase classname="scripts.Test1" name="tc2" time="0.003"/>
  <system-out>
Hello selenium  </system-out>
</testsuite> <!-- scripts.Test1 -->
