<?xml version="1.0" encoding="UTF-8"?>
<!-- Generated by org.testng.reporters.JUnitReportReporter -->
<testsuite hostname="QSP" failures="0" tests="1" name="scripts.Test2" time="0.002" errors="0" timestamp="2022-05-04T18:44:24 IST" skipped="0">
  <testcase classname="scripts.Test2" name="tc3" time="0.002"/>
  <system-out>
Hello python  </system-out>
</testsuite> <!-- scripts.Test2 -->
